<?xml version="1.0" encoding="UTF-8"?>
<!-- Generated by org.testng.reporters.JUnitXMLReporter -->
<testsuite hostname="DESKTOP-E69K95O" name="release 4.32 smoke tests" tests="7" failures="2" timestamp="17 Oct 2021 15:11:25 GMT" time="30.944" errors="0">
  <testcase name="validatePositiveLogin" time="2.474" classname="com.saucedemo.Test.validateLoginData"/>
  <testcase name="validatLockedOutUserLogin" time="2.266" classname="com.saucedemo.Test.validateLoginData"/>
  <testcase name="validatProblemUserLogin" time="2.254" classname="com.saucedemo.Test.validateLoginData"/>
  <testcase name="validatglitchUserLogin" time="7.313" classname="com.saucedemo.Test.validateLoginData">
    <failure type="java.lang.AssertionError" message="expected [https://www.saucedemo.com/inventor.html] but found [https://www.saucedemo.com/inventory.html]">
      <![CDATA[java.lang.AssertionError: expected [https://www.saucedemo.com/inventor.html] but found [https://www.saucedemo.com/inventory.html]
	at com.saucedemo.Test.validateLoginData.validatglitchUserLogin(validateLoginData.java:119)
... Removed 29 stack frames]]>
    </failure>
  </testcase> <!-- validatglitchUserLogin -->
  <testcase name="endToEnd" time="9.027" classname="com.saucedemo.Test.validateEndToEndProductbuy"/>
  <testcase name="validateWebUrl" time="0.028" classname="com.saucedemo.Test.validateLoginPage"/>
  <testcase name="validateWebTitle" time="0.016" classname="com.saucedemo.Test.validateLoginPage">
    <failure type="java.lang.AssertionError" message="expected [Swag Products] but found [Swag Labs]">
      <![CDATA[java.lang.AssertionError: expected [Swag Products] but found [Swag Labs]
	at com.saucedemo.Test.validateLoginPage.validateWebTitle(validateLoginPage.java:52)
... Removed 29 stack frames]]>
    </failure>
  </testcase> <!-- validateWebTitle -->
</testsuite> <!-- release 4.32 smoke tests -->
