<!DOCTYPE html>

<html>
  <head>
  <title>TestNG reports</title>

    <link type="text/css" href="testng-reports.css" rel="stylesheet" />  
    <script type="text/javascript" src="jquery-1.7.1.min.js"></script>
    <script type="text/javascript" src="testng-reports.js"></script>
    <script type="text/javascript" src="https://www.google.com/jsapi"></script>
    <script type='text/javascript'>
      google.load('visualization', '1', {packages:['table']});
      google.setOnLoadCallback(drawTable);
      var suiteTableInitFunctions = new Array();
      var suiteTableData = new Array();
    </script>
    <!--
      <script type="text/javascript" src="jquery-ui/js/jquery-ui-1.8.16.custom.min.js"></script>
     -->
  </head>

  <body>
    <div class="top-banner-root">
      <span class="top-banner-title-font">Test results</span>
      <br/>
      <span class="top-banner-font-1">1 suite, 2 failed tests</span>
    </div> <!-- top-banner-root -->
    <div class="navigator-root">
      <div class="navigator-suite-header">
        <span>All suites</span>
        <a href="#" class="collapse-all-link" title="Collapse/expand all the suites">
          <img class="collapse-all-icon" src="collapseall.gif">
          </img> <!-- collapse-all-icon -->
        </a> <!-- collapse-all-link -->
      </div> <!-- navigator-suite-header -->
      <div class="suite">
        <div class="rounded-window">
          <div class="suite-header light-rounded-window-top">
            <a href="#" class="navigator-link" panel-name="suite-Data_Driven_Testing_for_login_Module">
              <span class="suite-name border-failed">Data Driven Testing for login Module</span>
            </a> <!-- navigator-link -->
          </div> <!-- suite-header light-rounded-window-top -->
          <div class="navigator-suite-content">
            <div class="suite-section-title">
              <span>Info</span>
            </div> <!-- suite-section-title -->
            <div class="suite-section-content">
              <ul>
                <li>
                  <a href="#" class="navigator-link " panel-name="test-xml-Data_Driven_Testing_for_login_Module">
                    <span>C:\Users\Agile1Tech\Desktop\Automation Testing Class\workspace-aug-2021\TestNGProject\src\dataLogin.xml</span>
                  </a> <!-- navigator-link  -->
                </li>
                <li>
                  <a href="#" class="navigator-link " panel-name="testlist-Data_Driven_Testing_for_login_Module">
                    <span class="test-stats">4 tests</span>
                  </a> <!-- navigator-link  -->
                </li>
                <li>
                  <a href="#" class="navigator-link " panel-name="group-Data_Driven_Testing_for_login_Module">
                    <span>0 groups</span>
                  </a> <!-- navigator-link  -->
                </li>
                <li>
                  <a href="#" class="navigator-link " panel-name="times-Data_Driven_Testing_for_login_Module">
                    <span>Times</span>
                  </a> <!-- navigator-link  -->
                </li>
                <li>
                  <a href="#" class="navigator-link " panel-name="reporter-Data_Driven_Testing_for_login_Module">
                    <span>Reporter output</span>
                  </a> <!-- navigator-link  -->
                </li>
                <li>
                  <a href="#" class="navigator-link " panel-name="ignored-methods-Data_Driven_Testing_for_login_Module">
                    <span>Ignored methods</span>
                  </a> <!-- navigator-link  -->
                </li>
                <li>
                  <a href="#" class="navigator-link " panel-name="chronological-Data_Driven_Testing_for_login_Module">
                    <span>Chronological view</span>
                  </a> <!-- navigator-link  -->
                </li>
              </ul>
            </div> <!-- suite-section-content -->
            <div class="result-section">
              <div class="suite-section-title">
                <span>Results</span>
              </div> <!-- suite-section-title -->
              <div class="suite-section-content">
                <ul>
                  <li>
                    <span class="method-stats">4 methods, 2 failed,   2 passed</span>
                  </li>
                  <li>
                    <span class="method-list-title failed">Failed methods</span>
                    <span class="show-or-hide-methods failed">
                      <a href="#" panel-name="suite-Data_Driven_Testing_for_login_Module" class="hide-methods failed suite-Data_Driven_Testing_for_login_Module"> (hide)</a> <!-- hide-methods failed suite-Data_Driven_Testing_for_login_Module -->
                      <a href="#" panel-name="suite-Data_Driven_Testing_for_login_Module" class="show-methods failed suite-Data_Driven_Testing_for_login_Module"> (show)</a> <!-- show-methods failed suite-Data_Driven_Testing_for_login_Module -->
                    </span>
                    <div class="method-list-content failed suite-Data_Driven_Testing_for_login_Module">
                      <span>
                        <img width="3%" src="failed.png"/>
                        <a href="#" class="method navigator-link" panel-name="suite-Data_Driven_Testing_for_login_Module" title="com.saucedemo.Test.validateLoginTestData" hash-for-method="validateLoginData(performance_glitch_user, secret_sauce, https://www.saucedemo.com/inventory.html)">validateLoginData(performance_glitch_user, secret_sauce, https://www.saucedemo.com/inventory.html)</a> <!-- method navigator-link -->
                      </span>
                      <br/>
                      <span>
                        <img width="3%" src="failed.png"/>
                        <a href="#" class="method navigator-link" panel-name="suite-Data_Driven_Testing_for_login_Module" title="com.saucedemo.Test.validateLoginTestData" hash-for-method="validateLoginData(standard_user, secret_sauce, https://www.saucedemo.com/inventory.html)">validateLoginData(standard_user, secret_sauce, https://www.saucedemo.com/inventory.html)</a> <!-- method navigator-link -->
                      </span>
                      <br/>
                    </div> <!-- method-list-content failed suite-Data_Driven_Testing_for_login_Module -->
                  </li>
                  <li>
                    <span class="method-list-title passed">Passed methods</span>
                    <span class="show-or-hide-methods passed">
                      <a href="#" panel-name="suite-Data_Driven_Testing_for_login_Module" class="hide-methods passed suite-Data_Driven_Testing_for_login_Module"> (hide)</a> <!-- hide-methods passed suite-Data_Driven_Testing_for_login_Module -->
                      <a href="#" panel-name="suite-Data_Driven_Testing_for_login_Module" class="show-methods passed suite-Data_Driven_Testing_for_login_Module"> (show)</a> <!-- show-methods passed suite-Data_Driven_Testing_for_login_Module -->
                    </span>
                    <div class="method-list-content passed suite-Data_Driven_Testing_for_login_Module">
                      <span>
                        <img width="3%" src="passed.png"/>
                        <a href="#" class="method navigator-link" panel-name="suite-Data_Driven_Testing_for_login_Module" title="com.saucedemo.Test.validateLoginTestData" hash-for-method="validateLoginData(locked_out_user, secret_sauce, https://www.saucedemo.com/)">validateLoginData(locked_out_user, secret_sauce, https://www.saucedemo.com/)</a> <!-- method navigator-link -->
                      </span>
                      <br/>
                      <span>
                        <img width="3%" src="passed.png"/>
                        <a href="#" class="method navigator-link" panel-name="suite-Data_Driven_Testing_for_login_Module" title="com.saucedemo.Test.validateLoginTestData" hash-for-method="validateLoginData(problem_user, secret_sauce, https://www.saucedemo.com/inventory.html)">validateLoginData(problem_user, secret_sauce, https://www.saucedemo.com/inventory.html)</a> <!-- method navigator-link -->
                      </span>
                      <br/>
                    </div> <!-- method-list-content passed suite-Data_Driven_Testing_for_login_Module -->
                  </li>
                </ul>
              </div> <!-- suite-section-content -->
            </div> <!-- result-section -->
          </div> <!-- navigator-suite-content -->
        </div> <!-- rounded-window -->
      </div> <!-- suite -->
    </div> <!-- navigator-root -->
    <div class="wrapper">
      <div class="main-panel-root">
        <div panel-name="suite-Data_Driven_Testing_for_login_Module" class="panel Data_Driven_Testing_for_login_Module">
          <div class="suite-Data_Driven_Testing_for_login_Module-class-failed">
            <div class="main-panel-header rounded-window-top">
              <img src="failed.png"/>
              <span class="class-name">com.saucedemo.Test.validateLoginTestData</span>
            </div> <!-- main-panel-header rounded-window-top -->
            <div class="main-panel-content rounded-window-bottom">
              <div class="method">
                <div class="method-content">
                  <a name="validateLoginData(performance_glitch_user, secret_sauce, https://www.saucedemo.com/inventory.html)">
                  </a> <!-- validateLoginData(performance_glitch_user, secret_sauce, https://www.saucedemo.com/inventory.html) -->
                  <span class="method-name">validateLoginData</span>
                  <span class="parameters">(performance_glitch_user, secret_sauce, https://www.saucedemo.com/inventory.html)</span>
                  <div class="stack-trace">org.openqa.selenium.NoSuchWindowException: no such window: target window already closed
from unknown error: web view not found
  (Session info: chrome=94.0.4606.81)
  (Driver info: chromedriver=94.0.4606.61 (418b78f5838ed0b1c69bb4e51ea0252171854915-refs/branch-heads/4606@{#1204}),platform=Windows NT 10.0.19042 x86_64) (WARNING: The server did not provide any stacktrace information)
Command duration or timeout: 11 milliseconds
Build info: version: &apos;2.53.0&apos;, revision: &apos;35ae25b&apos;, time: &apos;2016-03-15 16:57:40&apos;
System info: host: &apos;DESKTOP-E69K95O&apos;, ip: &apos;192.168.5.67&apos;, os.name: &apos;Windows 10&apos;, os.arch: &apos;amd64&apos;, os.version: &apos;10.0&apos;, java.version: &apos;1.8.0_301&apos;
Driver info: org.openqa.selenium.chrome.ChromeDriver
Capabilities [{mobileEmulationEnabled=false, timeouts={implicit=0, pageLoad=300000, script=30000}, hasTouchScreen=false, platform=XP, acceptSslCerts=false, goog:chromeOptions={debuggerAddress=localhost:3903}, webauthn:extension:credBlob=true, acceptInsecureCerts=false, webStorageEnabled=true, browserName=chrome, takesScreenshot=true, javascriptEnabled=true, setWindowRect=true, webauthn:extension:largeBlob=true, unexpectedAlertBehaviour=ignore, applicationCacheEnabled=false, rotatable=false, networkConnectionEnabled=false, chrome={chromedriverVersion=94.0.4606.61 (418b78f5838ed0b1c69bb4e51ea0252171854915-refs/branch-heads/4606@{#1204}), userDataDir=C:\Users\AGILE1~1\AppData\Local\Temp\scoped_dir4072_1954750214}, takesHeapSnapshot=true, pageLoadStrategy=normal, strictFileInteractability=false, databaseEnabled=false, handlesAlerts=true, version=94.0.4606.81, browserConnectionEnabled=false, proxy={}, nativeEvents=true, locationContextEnabled=true, cssSelectorsEnabled=true, webauthn:virtualAuthenticators=true}]
Session ID: b2cbbbbf4c013ec23b139197c259476c
	at org.openqa.selenium.remote.ErrorHandler.createThrowable(ErrorHandler.java:206)
	at org.openqa.selenium.remote.ErrorHandler.throwIfResponseFailed(ErrorHandler.java:158)
	at org.openqa.selenium.remote.RemoteWebDriver.execute(RemoteWebDriver.java:678)
	at org.openqa.selenium.remote.RemoteWebDriver.execute(RemoteWebDriver.java:701)
	at org.openqa.selenium.remote.RemoteWebDriver.getCurrentUrl(RemoteWebDriver.java:326)
	at com.saucedemo.Test.validateLoginTestData.validateLoginData(validateLoginTestData.java:53)
	at java.util.concurrent.FutureTask.run(Unknown Source)
	at java.util.concurrent.ThreadPoolExecutor.runWorker(Unknown Source)
	at java.util.concurrent.ThreadPoolExecutor$Worker.run(Unknown Source)
	at java.lang.Thread.run(Unknown Source)
... Removed 20 stack frames
</div> <!-- stack-trace -->
                </div> <!-- method-content -->
              </div> <!-- method -->
              <div class="method">
                <div class="method-content">
                  <a name="validateLoginData(standard_user, secret_sauce, https://www.saucedemo.com/inventory.html)">
                  </a> <!-- validateLoginData(standard_user, secret_sauce, https://www.saucedemo.com/inventory.html) -->
                  <span class="method-name">validateLoginData</span>
                  <span class="parameters">(standard_user, secret_sauce, https://www.saucedemo.com/inventory.html)</span>
                  <div class="stack-trace">org.openqa.selenium.WebDriverException: chrome not reachable
  (Session info: chrome=94.0.4606.81)
  (Driver info: chromedriver=94.0.4606.61 (418b78f5838ed0b1c69bb4e51ea0252171854915-refs/branch-heads/4606@{#1204}),platform=Windows NT 10.0.19042 x86_64) (WARNING: The server did not provide any stacktrace information)
Command duration or timeout: 4.16 seconds
Build info: version: &apos;2.53.0&apos;, revision: &apos;35ae25b&apos;, time: &apos;2016-03-15 16:57:40&apos;
System info: host: &apos;DESKTOP-E69K95O&apos;, ip: &apos;192.168.5.67&apos;, os.name: &apos;Windows 10&apos;, os.arch: &apos;amd64&apos;, os.version: &apos;10.0&apos;, java.version: &apos;1.8.0_301&apos;
Driver info: org.openqa.selenium.chrome.ChromeDriver
Capabilities [{mobileEmulationEnabled=false, timeouts={implicit=0, pageLoad=300000, script=30000}, hasTouchScreen=false, platform=XP, acceptSslCerts=false, goog:chromeOptions={debuggerAddress=localhost:3904}, webauthn:extension:credBlob=true, acceptInsecureCerts=false, webStorageEnabled=true, browserName=chrome, takesScreenshot=true, javascriptEnabled=true, setWindowRect=true, webauthn:extension:largeBlob=true, unexpectedAlertBehaviour=ignore, applicationCacheEnabled=false, rotatable=false, networkConnectionEnabled=false, chrome={chromedriverVersion=94.0.4606.61 (418b78f5838ed0b1c69bb4e51ea0252171854915-refs/branch-heads/4606@{#1204}), userDataDir=C:\Users\AGILE1~1\AppData\Local\Temp\scoped_dir5068_146660480}, takesHeapSnapshot=true, pageLoadStrategy=normal, strictFileInteractability=false, databaseEnabled=false, handlesAlerts=true, version=94.0.4606.81, browserConnectionEnabled=false, proxy={}, nativeEvents=true, locationContextEnabled=true, cssSelectorsEnabled=true, webauthn:virtualAuthenticators=true}]
Session ID: be9c4d00dcf74e2b9cdb180839b2aee2
	at org.openqa.selenium.remote.ErrorHandler.createThrowable(ErrorHandler.java:206)
	at org.openqa.selenium.remote.ErrorHandler.throwIfResponseFailed(ErrorHandler.java:158)
	at org.openqa.selenium.remote.RemoteWebDriver.execute(RemoteWebDriver.java:678)
	at org.openqa.selenium.remote.RemoteWebElement.execute(RemoteWebElement.java:327)
	at org.openqa.selenium.remote.RemoteWebElement.click(RemoteWebElement.java:85)
	at com.saucedemo.Test.validateLoginTestData.validateLoginData(validateLoginTestData.java:49)
	at java.util.concurrent.FutureTask.run(Unknown Source)
	at java.util.concurrent.ThreadPoolExecutor.runWorker(Unknown Source)
	at java.util.concurrent.ThreadPoolExecutor$Worker.run(Unknown Source)
	at java.lang.Thread.run(Unknown Source)
... Removed 20 stack frames
</div> <!-- stack-trace -->
                </div> <!-- method-content -->
              </div> <!-- method -->
            </div> <!-- main-panel-content rounded-window-bottom -->
          </div> <!-- suite-Data_Driven_Testing_for_login_Module-class-failed -->
          <div class="suite-Data_Driven_Testing_for_login_Module-class-passed">
            <div class="main-panel-header rounded-window-top">
              <img src="passed.png"/>
              <span class="class-name">com.saucedemo.Test.validateLoginTestData</span>
            </div> <!-- main-panel-header rounded-window-top -->
            <div class="main-panel-content rounded-window-bottom">
              <div class="method">
                <div class="method-content">
                  <a name="validateLoginData(locked_out_user, secret_sauce, https://www.saucedemo.com/)">
                  </a> <!-- validateLoginData(locked_out_user, secret_sauce, https://www.saucedemo.com/) -->
                  <span class="method-name">validateLoginData</span>
                  <span class="parameters">(locked_out_user, secret_sauce, https://www.saucedemo.com/)</span>
                </div> <!-- method-content -->
              </div> <!-- method -->
              <div class="method">
                <div class="method-content">
                  <a name="validateLoginData(problem_user, secret_sauce, https://www.saucedemo.com/inventory.html)">
                  </a> <!-- validateLoginData(problem_user, secret_sauce, https://www.saucedemo.com/inventory.html) -->
                  <span class="method-name">validateLoginData</span>
                  <span class="parameters">(problem_user, secret_sauce, https://www.saucedemo.com/inventory.html)</span>
                </div> <!-- method-content -->
              </div> <!-- method -->
            </div> <!-- main-panel-content rounded-window-bottom -->
          </div> <!-- suite-Data_Driven_Testing_for_login_Module-class-passed -->
        </div> <!-- panel Data_Driven_Testing_for_login_Module -->
        <div panel-name="test-xml-Data_Driven_Testing_for_login_Module" class="panel">
          <div class="main-panel-header rounded-window-top">
            <span class="header-content">C:\Users\Agile1Tech\Desktop\Automation Testing Class\workspace-aug-2021\TestNGProject\src\dataLogin.xml</span>
          </div> <!-- main-panel-header rounded-window-top -->
          <div class="main-panel-content rounded-window-bottom">
            <pre>
&lt;?xml version=&quot;1.0&quot; encoding=&quot;UTF-8&quot;?&gt;
&lt;!DOCTYPE suite SYSTEM &quot;http://testng.org/testng-1.0.dtd&quot;&gt;
&lt;suite name=&quot;Data Driven Testing for login Module&quot; parallel=&quot;tests&quot;&gt;
  &lt;test name=&quot;Performance glitch user Test&quot;&gt;
    &lt;parameter name=&quot;expectedUrl&quot; value=&quot;https://www.saucedemo.com/inventory.html&quot;/&gt;
    &lt;parameter name=&quot;password&quot; value=&quot;secret_sauce&quot;/&gt;
    &lt;parameter name=&quot;username&quot; value=&quot;performance_glitch_user&quot;/&gt;
    &lt;classes&gt;
      &lt;class name=&quot;com.saucedemo.Test.validateLoginTestData&quot;/&gt;
    &lt;/classes&gt;
  &lt;/test&gt; &lt;!-- Performance glitch user Test --&gt;
  &lt;test name=&quot;Standard user Test&quot;&gt;
    &lt;parameter name=&quot;expectedUrl&quot; value=&quot;https://www.saucedemo.com/inventory.html&quot;/&gt;
    &lt;parameter name=&quot;password&quot; value=&quot;secret_sauce&quot;/&gt;
    &lt;parameter name=&quot;username&quot; value=&quot;standard_user&quot;/&gt;
    &lt;classes&gt;
      &lt;class name=&quot;com.saucedemo.Test.validateLoginTestData&quot;/&gt;
    &lt;/classes&gt;
  &lt;/test&gt; &lt;!-- Standard user Test --&gt;
  &lt;test name=&quot;Problem user Test&quot;&gt;
    &lt;parameter name=&quot;expectedUrl&quot; value=&quot;https://www.saucedemo.com/inventory.html&quot;/&gt;
    &lt;parameter name=&quot;password&quot; value=&quot;secret_sauce&quot;/&gt;
    &lt;parameter name=&quot;username&quot; value=&quot;problem_user&quot;/&gt;
    &lt;classes&gt;
      &lt;class name=&quot;com.saucedemo.Test.validateLoginTestData&quot;/&gt;
    &lt;/classes&gt;
  &lt;/test&gt; &lt;!-- Problem user Test --&gt;
  &lt;test name=&quot;Locked out user Test&quot;&gt;
    &lt;parameter name=&quot;expectedUrl&quot; value=&quot;https://www.saucedemo.com/&quot;/&gt;
    &lt;parameter name=&quot;password&quot; value=&quot;secret_sauce&quot;/&gt;
    &lt;parameter name=&quot;username&quot; value=&quot;locked_out_user&quot;/&gt;
    &lt;classes&gt;
      &lt;class name=&quot;com.saucedemo.Test.validateLoginTestData&quot;/&gt;
    &lt;/classes&gt;
  &lt;/test&gt; &lt;!-- Locked out user Test --&gt;
&lt;/suite&gt; &lt;!-- Data Driven Testing for login Module --&gt;
            </pre>
          </div> <!-- main-panel-content rounded-window-bottom -->
        </div> <!-- panel -->
        <div panel-name="testlist-Data_Driven_Testing_for_login_Module" class="panel">
          <div class="main-panel-header rounded-window-top">
            <span class="header-content">Tests for Data Driven Testing for login Module</span>
          </div> <!-- main-panel-header rounded-window-top -->
          <div class="main-panel-content rounded-window-bottom">
            <ul>
              <li>
                <span class="test-name">Performance glitch user Test (1 class)</span>
              </li>
              <li>
                <span class="test-name">Standard user Test (1 class)</span>
              </li>
              <li>
                <span class="test-name">Problem user Test (1 class)</span>
              </li>
              <li>
                <span class="test-name">Locked out user Test (1 class)</span>
              </li>
            </ul>
          </div> <!-- main-panel-content rounded-window-bottom -->
        </div> <!-- panel -->
        <div panel-name="group-Data_Driven_Testing_for_login_Module" class="panel">
          <div class="main-panel-header rounded-window-top">
            <span class="header-content">Groups for Data Driven Testing for login Module</span>
          </div> <!-- main-panel-header rounded-window-top -->
          <div class="main-panel-content rounded-window-bottom">
          </div> <!-- main-panel-content rounded-window-bottom -->
        </div> <!-- panel -->
        <div panel-name="times-Data_Driven_Testing_for_login_Module" class="panel">
          <div class="main-panel-header rounded-window-top">
            <span class="header-content">Times for Data Driven Testing for login Module</span>
          </div> <!-- main-panel-header rounded-window-top -->
          <div class="main-panel-content rounded-window-bottom">
            <div class="times-div">
              <script type="text/javascript">
suiteTableInitFunctions.push('tableData_Data_Driven_Testing_for_login_Module');
function tableData_Data_Driven_Testing_for_login_Module() {
var data = new google.visualization.DataTable();
data.addColumn('number', 'Number');
data.addColumn('string', 'Method');
data.addColumn('string', 'Class');
data.addColumn('number', 'Time (ms)');
data.addRows(4);
data.setCell(0, 0, 0)
data.setCell(0, 1, 'validateLoginData')
data.setCell(0, 2, 'com.saucedemo.Test.validateLoginTestData')
data.setCell(0, 3, 6503);
data.setCell(1, 0, 1)
data.setCell(1, 1, 'validateLoginData')
data.setCell(1, 2, 'com.saucedemo.Test.validateLoginTestData')
data.setCell(1, 3, 3532);
data.setCell(2, 0, 2)
data.setCell(2, 1, 'validateLoginData')
data.setCell(2, 2, 'com.saucedemo.Test.validateLoginTestData')
data.setCell(2, 3, 2948);
data.setCell(3, 0, 3)
data.setCell(3, 1, 'validateLoginData')
data.setCell(3, 2, 'com.saucedemo.Test.validateLoginTestData')
data.setCell(3, 3, 2875);
window.suiteTableData['Data_Driven_Testing_for_login_Module']= { tableData: data, tableDiv: 'times-div-Data_Driven_Testing_for_login_Module'}
return data;
}
              </script>
              <span class="suite-total-time">Total running time: 15 seconds</span>
              <div id="times-div-Data_Driven_Testing_for_login_Module">
              </div> <!-- times-div-Data_Driven_Testing_for_login_Module -->
            </div> <!-- times-div -->
          </div> <!-- main-panel-content rounded-window-bottom -->
        </div> <!-- panel -->
        <div panel-name="reporter-Data_Driven_Testing_for_login_Module" class="panel">
          <div class="main-panel-header rounded-window-top">
            <span class="header-content">Reporter output for Data Driven Testing for login Module</span>
          </div> <!-- main-panel-header rounded-window-top -->
          <div class="main-panel-content rounded-window-bottom">
          </div> <!-- main-panel-content rounded-window-bottom -->
        </div> <!-- panel -->
        <div panel-name="ignored-methods-Data_Driven_Testing_for_login_Module" class="panel">
          <div class="main-panel-header rounded-window-top">
            <span class="header-content">0 ignored methods</span>
          </div> <!-- main-panel-header rounded-window-top -->
          <div class="main-panel-content rounded-window-bottom">
          </div> <!-- main-panel-content rounded-window-bottom -->
        </div> <!-- panel -->
        <div panel-name="chronological-Data_Driven_Testing_for_login_Module" class="panel">
          <div class="main-panel-header rounded-window-top">
            <span class="header-content">Methods in chronological order</span>
          </div> <!-- main-panel-header rounded-window-top -->
          <div class="main-panel-content rounded-window-bottom">
            <div class="chronological-class">
              <div class="chronological-class-name">com.saucedemo.Test.validateLoginTestData</div> <!-- chronological-class-name -->
              <div class="configuration-test before">
                <span class="method-name">setupTest</span>
                <span class="method-start">0 ms</span>
              </div> <!-- configuration-test before -->
              <div class="configuration-test before">
                <span class="method-name">setupTest</span>
                <span class="method-start">0 ms</span>
              </div> <!-- configuration-test before -->
              <div class="configuration-test before">
                <span class="method-name">setupTest</span>
                <span class="method-start">0 ms</span>
              </div> <!-- configuration-test before -->
              <div class="configuration-test before">
                <span class="method-name">setupTest</span>
                <span class="method-start">1 ms</span>
              </div> <!-- configuration-test before -->
              <div class="test-method">
                <img src="failed.png">
                </img>
                <span class="method-name">validateLoginData(standard_user, secret_sauce, https://www.saucedemo.com/inventory.html)</span>
                <span class="method-start">3338 ms</span>
              </div> <!-- test-method -->
              <div class="test-method">
                <img src="failed.png">
                </img>
                <span class="method-name">validateLoginData(performance_glitch_user, secret_sauce, https://www.saucedemo.com/inventory.html)</span>
                <span class="method-start">3543 ms</span>
              </div> <!-- test-method -->
              <div class="test-method">
                <span class="method-name">validateLoginData(locked_out_user, secret_sauce, https://www.saucedemo.com/)</span>
                <span class="method-start">3566 ms</span>
              </div> <!-- test-method -->
              <div class="test-method">
                <span class="method-name">validateLoginData(problem_user, secret_sauce, https://www.saucedemo.com/inventory.html)</span>
                <span class="method-start">3643 ms</span>
              </div> <!-- test-method -->
              <div class="configuration-test after">
                <span class="method-name">quitTest</span>
                <span class="method-start">6444 ms</span>
              </div> <!-- configuration-test after -->
              <div class="configuration-test after">
                <span class="method-name">quitTest</span>
                <span class="method-start">6593 ms</span>
              </div> <!-- configuration-test after -->
              <div class="configuration-test after">
                <span class="method-name">quitTest</span>
                <span class="method-start">7087 ms</span>
              </div> <!-- configuration-test after -->
              <div class="configuration-test after">
                <span class="method-name">quitTest</span>
                <span class="method-start">9844 ms</span>
              </div> <!-- configuration-test after -->
          </div> <!-- main-panel-content rounded-window-bottom -->
        </div> <!-- panel -->
      </div> <!-- main-panel-root -->
    </div> <!-- wrapper -->
  </body>
</html>
